{
  "RSpec": {
    "coverage": {
      "/home/blithe-panel-3632/tic-tac-toe-rb-ruby-intro-000/lib/tic_tac_toe.rb": [
        1,
        null,
        1,
        7,
        7,
        7,
        7,
        7,
        null,
        null,
        null,
        1,
        6,
        null,
        null,
        null,
        1,
        5,
        null,
        null,
        1,
        8,
        null,
        null,
        1,
        6,
        null,
        null,
        1,
        5,
        5,
        45,
        5,
        null,
        null,
        5,
        null,
        null,
        1,
        4,
        4,
        4,
        null,
        0,
        null,
        null,
        null,
        null,
        1,
        3,
        3,
        3,
        3,
        3,
        2,
        2,
        null,
        1,
        null,
        null,
        null,
        1,
        16,
        null,
        113,
        113,
        113,
        null,
        113,
        8,
        null,
        null,
        8,
        null,
        null,
        1,
        49,
        7,
        null,
        null,
        1,
        7,
        3,
        null,
        4,
        null,
        null,
        1,
        3,
        2,
        null,
        null,
        null,
        1,
        3,
        2,
        2,
        2,
        1,
        null,
        1,
        null,
        null,
        null,
        null,
        null,
        null,
        null
      ]
    },
    "timestamp": 1615419904
  }
}
